Start testing: Apr 08 07:02 EEST
----------------------------------------------------------
1/1 Testing: FractionTest.DefaultConstructor
1/1 Test: FractionTest.DefaultConstructor
Command: "/Users/yura_kulakovskyi/Documents/C++/OOP/PR3/PR3_3_C/cmake-build-debug/PR3_3_C_tests" "--gtest_filter=FractionTest.DefaultConstructor" "--gtest_also_run_disabled_tests"
Directory: /Users/yura_kulakovskyi/Documents/C++/OOP/PR3/PR3_3_C/cmake-build-debug
"FractionTest.DefaultConstructor" start time: Apr 08 07:02 EEST
Output:
----------------------------------------------------------
Running main() from /Users/yura_kulakovskyi/Documents/C++/OOP/PR3/PR3_3_C/lib/googletest/googletest/src/gtest_main.cc
Note: Google Test filter = FractionTest.DefaultConstructor
[==========] Running 1 test from 1 test suite.
[----------] Global test environment set-up.
[----------] 1 test from FractionTest
[ RUN      ] FractionTest.DefaultConstructor
[       OK ] FractionTest.DefaultConstructor (0 ms)
[----------] 1 test from FractionTest (0 ms total)

[----------] Global test environment tear-down
[==========] 1 test from 1 test suite ran. (0 ms total)
[  PASSED  ] 1 test.
<end of output>
Test time =   0.01 sec
----------------------------------------------------------
Test Passed.
"FractionTest.DefaultConstructor" end time: Apr 08 07:02 EEST
"FractionTest.DefaultConstructor" time elapsed: 00:00:00
----------------------------------------------------------

End testing: Apr 08 07:02 EEST
